0 verbose cli /opt/homebrew/Cellar/node/25.2.1/bin/node /opt/homebrew/lib/node_modules/npm/bin/npm-cli.js
1 info using npm@11.6.2
2 info using node@v25.2.1
3 silly config load:file:/opt/homebrew/lib/node_modules/npm/npmrc
4 silly config load:file:/Users/athinageronatsiou/Desktop/AB Testing/.npmrc
5 silly config load:file:/Users/athinageronatsiou/.npmrc
6 silly config load:file:/opt/homebrew/etc/npmrc
7 verbose title npm exec create-next-app@latest frontend --typescript --tailwind --eslint --use-npm --src-dir --app --import-alias @/*
8 verbose argv "exec" "--" "create-next-app@latest" "frontend" "--typescript" "--tailwind" "--eslint" "--use-npm" "--src-dir" "--app" "--import-alias" "@/*"
9 verbose logfile logs-max:10 dir:/Users/athinageronatsiou/Desktop/AB Testing/.npm-cache/_logs/2025-12-12T14_33_15_648Z-
10 verbose logfile /Users/athinageronatsiou/Desktop/AB Testing/.npm-cache/_logs/2025-12-12T14_33_15_648Z-debug-0.log
11 silly logfile done cleaning log files
12 silly packumentCache heap:2348810240 maxSize:587202560 maxEntrySize:293601280
13 http fetch GET 200 https://registry.npmjs.org/create-next-app 81ms (cache revalidated)
14 silly packumentCache heap:2348810240 maxSize:587202560 maxEntrySize:293601280
15 silly packumentCache heap:2348810240 maxSize:587202560 maxEntrySize:293601280
16 verbose cwd /Users/athinageronatsiou/Desktop/AB Testing
17 verbose os Darwin 25.1.0
18 verbose node v25.2.1
19 verbose npm  v11.6.2
20 verbose exit 0
21 info ok
